ans = 4179
res = 5244
150 3000 1
ans = 797
res = 1152
150 3000 1
ans = 938
res = 1159
150 3000 1
ans = 1309
res = 2810
150 3000 1
ans = 3865
res = 4846
150 3000 1
ans = 1794
res = 1951
150 3000 1
ans = 187
res = 523
150 3000 1
ans = 1641
res = 1710
150 3000 1
ans = 3280
res = 4806
150 3000 1
ans = 1301
res = 1406
150 3000 1
ans = 1078
res = 2352
150 3000 1
ans = 2205
res = 3002
150 3000 1
ans = 1419
res = 3417
150 3000 1
ans = 2909
res = 4690
150 3000 1
ans = 1791
res = 3350
150 3000 1
ans = 1150
res = 2542
150 3000 1
ans = 1130
res = 1656
150 3000 1
ans = 2720
res = 3959
150 3000 1
ans = 567
res = 1421
150 3000 1
ans = 1211
res = 4127
150 3000 1
ans = 4378
res = 5744
150 3000 1
ans = 1220
res = 2183
150 3000 1
ans = 891
res = 2160
150 3000 1
ans = 722
res = 1282
150 3000 1
ans = 807
res = 1197
150 3000 1
ans = 3276
res = 3491
150 3000 1
ans = 184
res = 682
150 3000 1
ans = 3605
res = 4202
150 3000 1
ans = 5190
res = 5753
150 3000 1
ans = 856
res = 1071
150 3000 1
ans = 1628
res = 2744
150 3000 1
ans = 1841
res = 2943
150 3000 1
ans = 1623
res = 2529
150 3000 1
ans = 3041
res = 3623
150 3000 1
ans = 2831
res = 4438
150 3000 1
ans = 345
res = 394
150 3000 1
ans = 4998
res = 5067
150 3000 1
ans = 2504
res = 5019
150 3000 1
ans = 1328
res = 2293
150 3000 1
ans = 366
res = 1570
150 3000 1
ans = 1388
res = 2876
150 3000 1
ans = 968
res = 1373
150 3000 1
ans = 1479
res = 2414
150 3000 1
ans = 2123
res = 3592
150 3000 1
ans = 544
res = 1269
150 3000 1
ans = 1461
res = 2032
150 3000 1
ans = 4479
res = 5262
150 3000 1
ans = 5081
res = -1
150 3000 1
ans = 1122
res = 1727
150 3000 1
ans = 2034
res = 2195
150 3000 1
ans = 3627
res = 4301
150 3000 1
ans = 1912
res = 2308
150 3000 1
ans = 3346
res = 5217
150 3000 1
ans = 3705
res = 4241
150 3000 1
ans = 2610
res = 3928
150 3000 1
ans = 704
res = 1193
150 3000 1
ans = 3045
res = 3457
150 3000 1
ans = 3022
res = 4531
150 3000 1
ans = 1341
res = 2577
150 3000 1
ans = 3419
res = 3482
150 3000 1
ans = 2405
res = 3143
150 3000 1
ans = 1495
res = 2694
150 3000 1
ans = 3294
res = 4614
150 3000 1
ans = 3855
res = 5452
150 3000 1
ans = 5635
res = 5657
150 3000 1
ans = 1918
res = 2910
150 3000 1
ans = 130
res = 627
150 3000 1
ans = 2451
res = 4848
150 3000 1
ans = 2947
res = 3851
150 3000 1
ans = 4772
res = 5087
150 3000 1
ans = 273
res = 1558
150 3000 1
ans = 3131
res = 4693
150 3000 1
ans = 1250
res = 1515
150 3000 1
ans = 2181
res = 2565
150 3000 1
ans = 1877
res = 2383
150 3000 1
ans = 1234
res = 2143
150 3000 1
ans = 1365
res = 1858
150 3000 1
ans = 647
res = 1139
150 3000 1
ans = 330
res = 424
150 3000 1
ans = 3513
res = 3994
150 3000 1
ans = 2392
res = 4695
150 3000 1
ans = 1074
res = 2229
150 3000 1
ans = 1326
res = 2251
150 3000 1
ans = 5620
res = -1
150 3000 1
ans = 969
res = 1056
150 3000 1
ans = 1350
res = 1568
150 3000 1
ans = 1085
res = 1769
150 3000 1
ans = 3061
res = 4050
150 3000 1
ans = 4720
res = 5198
150 3000 1
ans = 1777
res = 2025
150 3000 1
ans = 450
res = 1227
150 3000 1
ans = 4132
res = 5120
150 3000 1
ans = 4064
res = 5400
150 3000 1
ans = 1621
res = 2956
150 3000 1
ans = 1803
res = 3150
150 3000 1
ans = 1979
res = 2965
150 3000 1
ans = 2733
res = 4549
150 3000 1
ans = 2339
res = 2485
150 3000 1
ans = 2326
res = 2852
150 3000 1
ans = 3406
res = 3646
150 3000 1
ans = 2320
res = 3407
150 3000 1
ans = 750
res = 978
150 3000 1
ans = 4392
res = 6991
150 3000 1
ans = 3497
res = 4593
150 3000 1
ans = 3877
res = 4264
150 3000 1
ans = 3687
res = 4213
150 3000 1
ans = 379
res = 614
150 3000 1
ans = 2511
res = 3459
150 3000 1
ans = 2724
res = 3066
150 3000 1
ans = 2813
res = 3122
150 3000 1
ans = 1818
res = 2331
150 3000 1
ans = 1510
res = 3284
150 3000 1
ans = 841
res = 913
150 3000 1
ans = 3432
res = 5206
150 3000 1
ans = 3344
res = 3461
150 3000 1
ans = 2684
res = 3256
150 3000 1
ans = 1340
res = 2105
150 3000 1
ans = 1888
res = 3360
150 3000 1
ans = 1597
res = 2578
150 3000 1
ans = 2577
res = 2893
150 3000 1
ans = 1533
res = 1641
150 3000 1
ans = 1507
res = 1615
150 3000 1
ans = 2656
res = 3979
150 3000 1
ans = 2376
res = 3017
150 3000 1
ans = 1750
res = 3864
150 3000 1
ans = 4183
res = 5030
150 3000 1
ans = 1699
res = 2788
150 3000 1
ans = 1080
res = 2925
150 3000 1
ans = 1719
res = 1905
150 3000 1
ans = 3690
res = 6225
150 3000 1
ans = 1131
res = 1723
150 3000 1
ans = 506
res = 886
150 3000 1
ans = 618
res = 1512
150 3000 1
ans = 1359
res = 3031
150 3000 1
ans = 1680
res = 1988
150 3000 1
ans = 651
res = 1443
150 3000 1
ans = 3074
res = 4604
150 3000 1
ans = 2601
res = 2715
150 3000 1
ans = 706
res = 804
150 3000 1
ans = 888
res = 1567
150 3000 1
ans = 2814
res = 3361
150 3000 1
ans = 2783
res = 2884
150 3000 1
ans = 1433
res = 1730
150 3000 1
ans = 5202
res = 5747
150 3000 1
ans = 7159
res = 8030
150 3000 1
ans = 973
res = 1699
150 3000 1
ans = 2431
res = 3331
150 3000 1
ans = 3342
res = 4757
150 3000 1
ans = 1786
res = 1959
150 3000 1
ans = 1598
res = 2638
150 3000 1
ans = 250
res = 2329
150 3000 1
ans = 763
res = 1252
150 3000 1
ans = 604
res = 762
150 3000 1
ans = 934
res = 1467
150 3000 1
